var database = `
    
    DATE: 4-18-2018
    SUBJ: LOGGER
    TEXT: Graphing system and interface
    TIME: 3
    TAGS: code

    DATE: 4-17-2018 
    SUBJ: Picker
    TEXT: Hull surface material  
    NOTE: Need to check roughness across other light setups
        - UV channel for decals
        + Procedural plating pattern
        - Grime layer
    TIME: 6
    TAGS: art mars
  
    DATE: 4-16-2018 
    SUBJ: Picker
    TEXT: Crusher mechanism
    NOTE: Layout
        - model
        + materials
    TAGS: art
    TIME: 6 

    DATE: 4-15-2018 
    SUBJ: Picker
    TEXT: Hull surface material  
    NOTE: Need to check roughness across other light setups
        - UV channel for decals
        + Procedural plating pattern
        - Grime layer
    TIME: 1
    TAGS: tech

`;